# JRE version: Java(TM) SE Runtime Environment (8.0_91-b14) (build 1.8.0_91-b14)
# Java VM: Java HotSpot(TM) 64-Bit Server VM (25.91-b14 mixed mode windows-amd64 compressed oops)
Heap:
 PSYoungGen      total 65024K, used 28204K [0x00000000eab00000, 0x00000000f4e00000, 0x0000000100000000)
  eden space 55808K, 34% used [0x00000000eab00000,0x00000000ebd92720,0x00000000ee180000)
  from space 9216K, 99% used [0x00000000ef400000,0x00000000efcf8b10,0x00000000efd00000)
  to   space 18944K, 0% used [0x00000000ee180000,0x00000000ee180000,0x00000000ef400000)
 ParOldGen       total 44032K, used 29920K [0x00000000c0000000, 0x00000000c2b00000, 0x00000000eab00000)
  object space 44032K, 67% used [0x00000000c0000000,0x00000000c1d383d0,0x00000000c2b00000)
 Metaspace       used 16467K, capacity 16566K, committed 16896K, reserved 1064960K
  class space    used 1727K, capacity 1745K, committed 1792K, reserved 1048576K
GC Heap History (10 events):
Event: 7.714 GC heap before
{Heap before GC invocations=4 (full 0):
 PSYoungGen      total 18944K, used 18943K [0x00000000eab00000, 0x00000000ed000000, 0x0000000100000000)
  eden space 16384K, 100% used [0x00000000eab00000,0x00000000ebb00000,0x00000000ebb00000)
  from space 2560K, 99% used [0x00000000ebb00000,0x00000000ebd7fdf0,0x00000000ebd80000)
  to   space 2560K, 0% used [0x00000000ecd80000,0x00000000ecd80000,0x00000000ed000000)
 ParOldGen       total 44032K, used 4817K [0x00000000c0000000, 0x00000000c2b00000, 0x00000000eab00000)
  object space 44032K, 10% used [0x00000000c0000000,0x00000000c04b4638,0x00000000c2b00000)
 Metaspace       used 10220K, capacity 10358K, committed 10624K, reserved 1058816K
  class space    used 1045K, capacity 1105K, committed 1152K, reserved 1048576K
Event: 7.734 GC heap after
Heap after GC invocations=4 (full 0):
 PSYoungGen      total 35328K, used 2544K [0x00000000eab00000, 0x00000000ed000000, 0x0000000100000000)
  eden space 32768K, 0% used [0x00000000eab00000,0x00000000eab00000,0x00000000ecb00000)
  from space 2560K, 99% used [0x00000000ecd80000,0x00000000ecffc010,0x00000000ed000000)
  to   space 2560K, 0% used [0x00000000ecb00000,0x00000000ecb00000,0x00000000ecd80000)
 ParOldGen       total 44032K, used 9097K [0x00000000c0000000, 0x00000000c2b00000, 0x00000000eab00000)
  object space 44032K, 20% used [0x00000000c0000000,0x00000000c08e2428,0x00000000c2b00000)
 Metaspace       used 10220K, capacity 10358K, committed 10624K, reserved 1058816K
  class space    used 1045K, capacity 1105K, committed 1152K, reserved 1048576K
}
Event: 9.048 GC heap before
{Heap before GC invocations=5 (full 0):
 PSYoungGen      total 35328K, used 35312K [0x00000000eab00000, 0x00000000ed000000, 0x0000000100000000)
  eden space 32768K, 100% used [0x00000000eab00000,0x00000000ecb00000,0x00000000ecb00000)
  from space 2560K, 99% used [0x00000000ecd80000,0x00000000ecffc010,0x00000000ed000000)
  to   space 2560K, 0% used [0x00000000ecb00000,0x00000000ecb00000,0x00000000ecd80000)
 ParOldGen       total 44032K, used 9097K [0x00000000c0000000, 0x00000000c2b00000, 0x00000000eab00000)
  object space 44032K, 20% used [0x00000000c0000000,0x00000000c08e2428,0x00000000c2b00000)
 Metaspace       used 11666K, capacity 11766K, committed 12032K, reserved 1060864K
  class space    used 1196K, capacity 1233K, committed 1280K, reserved 1048576K
Event: 9.102 GC heap after
Heap after GC invocations=5 (full 0):
 PSYoungGen      total 35328K, used 2544K [0x00000000eab00000, 0x00000000efd00000, 0x0000000100000000)
  eden space 32768K, 0% used [0x00000000eab00000,0x00000000eab00000,0x00000000ecb00000)
  from space 2560K, 99% used [0x00000000ecb00000,0x00000000ecd7c010,0x00000000ecd80000)
  to   space 9216K, 0% used [0x00000000ef400000,0x00000000ef400000,0x00000000efd00000)
 ParOldGen       total 44032K, used 14126K [0x00000000c0000000, 0x00000000c2b00000, 0x00000000eab00000)
  object space 44032K, 32% used [0x00000000c0000000,0x00000000c0dcb958,0x00000000c2b00000)
 Metaspace       used 11666K, capacity 11766K, committed 12032K, reserved 1060864K
  class space    used 1196K, capacity 1233K, committed 1280K, reserved 1048576K
}
Event: 10.878 GC heap before
{Heap before GC invocations=6 (full 0):
 PSYoungGen      total 35328K, used 35312K [0x00000000eab00000, 0x00000000efd00000, 0x0000000100000000)
  eden space 32768K, 100% used [0x00000000eab00000,0x00000000ecb00000,0x00000000ecb00000)
  from space 2560K, 99% used [0x00000000ecb00000,0x00000000ecd7c010,0x00000000ecd80000)
  to   space 9216K, 0% used [0x00000000ef400000,0x00000000ef400000,0x00000000efd00000)
 ParOldGen       total 44032K, used 14126K [0x00000000c0000000, 0x00000000c2b00000, 0x00000000eab00000)
  object space 44032K, 32% used [0x00000000c0000000,0x00000000c0dcb958,0x00000000c2b00000)
 Metaspace       used 13003K, capacity 13110K, committed 13440K, reserved 1060864K
  class space    used 1330K, capacity 1361K, committed 1408K, reserved 1048576K
Event: 10.930 GC heap after
Heap after GC invocations=6 (full 0):
 PSYoungGen      total 73728K, used 7965K [0x00000000eab00000, 0x00000000eff00000, 0x0000000100000000)
  eden space 64512K, 0% used [0x00000000eab00000,0x00000000eab00000,0x00000000eea00000)
  from space 9216K, 86% used [0x00000000ef400000,0x00000000efbc7658,0x00000000efd00000)
  to   space 10240K, 0% used [0x00000000eea00000,0x00000000eea00000,0x00000000ef400000)
 ParOldGen       total 44032K, used 14126K [0x00000000c0000000, 0x00000000c2b00000, 0x00000000eab00000)
  object space 44032K, 32% used [0x00000000c0000000,0x00000000c0dcb958,0x00000000c2b00000)
 Metaspace       used 13003K, capacity 13110K, committed 13440K, reserved 1060864K
  class space    used 1330K, capacity 1361K, committed 1408K, reserved 1048576K
}
Event: 12.792 GC heap before
{Heap before GC invocations=7 (full 0):
 PSYoungGen      total 73728K, used 72477K [0x00000000eab00000, 0x00000000eff00000, 0x0000000100000000)
  eden space 64512K, 100% used [0x00000000eab00000,0x00000000eea00000,0x00000000eea00000)
  from space 9216K, 86% used [0x00000000ef400000,0x00000000efbc7658,0x00000000efd00000)
  to   space 10240K, 0% used [0x00000000eea00000,0x00000000eea00000,0x00000000ef400000)
 ParOldGen       total 44032K, used 14126K [0x00000000c0000000, 0x00000000c2b00000, 0x00000000eab00000)
  object space 44032K, 32% used [0x00000000c0000000,0x00000000c0dcb958,0x00000000c2b00000)
 Metaspace       used 14942K, capacity 15062K, committed 15232K, reserved 1062912K
  class space    used 1531K, capacity 1585K, committed 1664K, reserved 1048576K
Event: 12.975 GC heap after
Heap after GC invocations=7 (full 0):
 PSYoungGen      total 74752K, used 10224K [0x00000000eab00000, 0x00000000eff00000, 0x0000000100000000)
  eden space 64512K, 0% used [0x00000000eab00000,0x00000000eab00000,0x00000000eea00000)
  from space 10240K, 99% used [0x00000000eea00000,0x00000000ef3fc3f0,0x00000000ef400000)
  to   space 9216K, 0% used [0x00000000ef400000,0x00000000ef400000,0x00000000efd00000)
 ParOldGen       total 44032K, used 22479K [0x00000000c0000000, 0x00000000c2b00000, 0x00000000eab00000)
  object space 44032K, 51% used [0x00000000c0000000,0x00000000c15f3c98,0x00000000c2b00000)
 Metaspace       used 14942K, capacity 15062K, committed 15232K, reserved 1062912K
  class space    used 1531K, capacity 1585K, committed 1664K, reserved 1048576K
}
Event: 13.986 GC heap before
{Heap before GC invocations=8 (full 0):
 PSYoungGen      total 74752K, used 74736K [0x00000000eab00000, 0x00000000eff00000, 0x0000000100000000)
  eden space 64512K, 100% used [0x00000000eab00000,0x00000000eea00000,0x00000000eea00000)
  from space 10240K, 99% used [0x00000000eea00000,0x00000000ef3fc3f0,0x00000000ef400000)
  to   space 9216K, 0% used [0x00000000ef400000,0x00000000ef400000,0x00000000efd00000)
 ParOldGen       total 44032K, used 22479K [0x00000000c0000000, 0x00000000c2b00000, 0x00000000eab00000)
  object space 44032K, 51% used [0x00000000c0000000,0x00000000c15f3c98,0x00000000c2b00000)
 Metaspace       used 16089K, capacity 16150K, committed 16384K, reserved 1064960K
  class space    used 1683K, capacity 1713K, committed 1792K, reserved 1048576K
Event: 14.285 GC heap after
Heap after GC invocations=8 (full 0):
 PSYoungGen      total 65024K, used 9186K [0x00000000eab00000, 0x00000000f4e00000, 0x0000000100000000)
  eden space 55808K, 0% used [0x00000000eab00000,0x00000000eab00000,0x00000000ee180000)
  from space 9216K, 99% used [0x00000000ef400000,0x00000000efcf8b10,0x00000000efd00000)
  to   space 18944K, 0% used [0x00000000ee180000,0x00000000ee180000,0x00000000ef400000)
 ParOldGen       total 44032K, used 29920K [0x00000000c0000000, 0x00000000c2b00000, 0x00000000eab00000)
  object space 44032K, 67% used [0x00000000c0000000,0x00000000c1d383d0,0x00000000c2b00000)
 Metaspace       used 16089K, capacity 16150K, committed 16384K, reserved 1064960K
  class space    used 1683K, capacity 1713K, committed 1792K, reserved 1048576K
}

