# JRE version: Java(TM) SE Runtime Environment (8.0_91-b14) (build 1.8.0_91-b14)
# Java VM: Java HotSpot(TM) 64-Bit Server VM (25.91-b14 mixed mode windows-amd64 compressed oops)
Heap:
 PSYoungGen      total 275456K, used 148450K [0x00000000eab00000, 0x00000000fd800000, 0x0000000100000000)
  eden space 254976K, 58% used [0x00000000eab00000,0x00000000f3bf88c8,0x00000000fa400000)
  from space 20480K, 0% used [0x00000000fbc00000,0x00000000fbc00000,0x00000000fd000000)
  to   space 24576K, 0% used [0x00000000fa400000,0x00000000fa400000,0x00000000fbc00000)
 ParOldGen       total 68608K, used 36074K [0x00000000c0000000, 0x00000000c4300000, 0x00000000eab00000)
  object space 68608K, 52% used [0x00000000c0000000,0x00000000c233a930,0x00000000c4300000)
 Metaspace       used 25684K, capacity 25912K, committed 26112K, reserved 1073152K
  class space    used 2965K, capacity 3054K, committed 3072K, reserved 1048576K
GC Heap History (10 events):
Event: 6.296 GC heap before
{Heap before GC invocations=5 (full 0):
 PSYoungGen      total 68096K, used 68064K [0x00000000eab00000, 0x00000000ef000000, 0x0000000100000000)
  eden space 65536K, 100% used [0x00000000eab00000,0x00000000eeb00000,0x00000000eeb00000)
  from space 2560K, 98% used [0x00000000eed80000,0x00000000eeff8020,0x00000000ef000000)
  to   space 2560K, 0% used [0x00000000eeb00000,0x00000000eeb00000,0x00000000eed80000)
 ParOldGen       total 44032K, used 10293K [0x00000000c0000000, 0x00000000c2b00000, 0x00000000eab00000)
  object space 44032K, 23% used [0x00000000c0000000,0x00000000c0a0d500,0x00000000c2b00000)
 Metaspace       used 14368K, capacity 14482K, committed 14592K, reserved 1062912K
  class space    used 1475K, capacity 1521K, committed 1536K, reserved 1048576K
Event: 6.341 GC heap after
Heap after GC invocations=5 (full 0):
 PSYoungGen      total 68096K, used 2528K [0x00000000eab00000, 0x00000000f4800000, 0x0000000100000000)
  eden space 65536K, 0% used [0x00000000eab00000,0x00000000eab00000,0x00000000eeb00000)
  from space 2560K, 98% used [0x00000000eeb00000,0x00000000eed78020,0x00000000eed80000)
  to   space 14848K, 0% used [0x00000000f3980000,0x00000000f3980000,0x00000000f4800000)
 ParOldGen       total 44032K, used 22792K [0x00000000c0000000, 0x00000000c2b00000, 0x00000000eab00000)
  object space 44032K, 51% used [0x00000000c0000000,0x00000000c1642060,0x00000000c2b00000)
 Metaspace       used 14368K, capacity 14482K, committed 14592K, reserved 1062912K
  class space    used 1475K, capacity 1521K, committed 1536K, reserved 1048576K
}
Event: 7.096 GC heap before
{Heap before GC invocations=6 (full 0):
 PSYoungGen      total 68096K, used 68064K [0x00000000eab00000, 0x00000000f4800000, 0x0000000100000000)
  eden space 65536K, 100% used [0x00000000eab00000,0x00000000eeb00000,0x00000000eeb00000)
  from space 2560K, 98% used [0x00000000eeb00000,0x00000000eed78020,0x00000000eed80000)
  to   space 14848K, 0% used [0x00000000f3980000,0x00000000f3980000,0x00000000f4800000)
 ParOldGen       total 44032K, used 22792K [0x00000000c0000000, 0x00000000c2b00000, 0x00000000eab00000)
  object space 44032K, 51% used [0x00000000c0000000,0x00000000c1642060,0x00000000c2b00000)
 Metaspace       used 15507K, capacity 15602K, committed 15744K, reserved 1062912K
  class space    used 1594K, capacity 1617K, committed 1664K, reserved 1048576K
Event: 7.205 GC heap after
Heap after GC invocations=6 (full 0):
 PSYoungGen      total 144384K, used 11596K [0x00000000eab00000, 0x00000000f4b00000, 0x0000000100000000)
  eden space 129536K, 0% used [0x00000000eab00000,0x00000000eab00000,0x00000000f2980000)
  from space 14848K, 78% used [0x00000000f3980000,0x00000000f44d31c0,0x00000000f4800000)
  to   space 16384K, 0% used [0x00000000f2980000,0x00000000f2980000,0x00000000f3980000)
 ParOldGen       total 44032K, used 22792K [0x00000000c0000000, 0x00000000c2b00000, 0x00000000eab00000)
  object space 44032K, 51% used [0x00000000c0000000,0x00000000c1642060,0x00000000c2b00000)
 Metaspace       used 15507K, capacity 15602K, committed 15744K, reserved 1062912K
  class space    used 1594K, capacity 1617K, committed 1664K, reserved 1048576K
}
Event: 8.654 GC heap before
{Heap before GC invocations=7 (full 0):
 PSYoungGen      total 144384K, used 141132K [0x00000000eab00000, 0x00000000f4b00000, 0x0000000100000000)
  eden space 129536K, 100% used [0x00000000eab00000,0x00000000f2980000,0x00000000f2980000)
  from space 14848K, 78% used [0x00000000f3980000,0x00000000f44d31c0,0x00000000f4800000)
  to   space 16384K, 0% used [0x00000000f2980000,0x00000000f2980000,0x00000000f3980000)
 ParOldGen       total 44032K, used 22792K [0x00000000c0000000, 0x00000000c2b00000, 0x00000000eab00000)
  object space 44032K, 51% used [0x00000000c0000000,0x00000000c1642060,0x00000000c2b00000)
 Metaspace       used 18189K, capacity 18268K, committed 18432K, reserved 1064960K
  class space    used 1965K, capacity 2008K, committed 2048K, reserved 1048576K
Event: 8.701 GC heap after
Heap after GC invocations=7 (full 0):
 PSYoungGen      total 145920K, used 16365K [0x00000000eab00000, 0x00000000fd000000, 0x0000000100000000)
  eden space 129536K, 0% used [0x00000000eab00000,0x00000000eab00000,0x00000000f2980000)
  from space 16384K, 99% used [0x00000000f2980000,0x00000000f397b520,0x00000000f3980000)
  to   space 20480K, 0% used [0x00000000fbc00000,0x00000000fbc00000,0x00000000fd000000)
 ParOldGen       total 44032K, used 24828K [0x00000000c0000000, 0x00000000c2b00000, 0x00000000eab00000)
  object space 44032K, 56% used [0x00000000c0000000,0x00000000c183f1c0,0x00000000c2b00000)
 Metaspace       used 18189K, capacity 18268K, committed 18432K, reserved 1064960K
  class space    used 1965K, capacity 2008K, committed 2048K, reserved 1048576K
}
Event: 10.155 GC heap before
{Heap before GC invocations=8 (full 0):
 PSYoungGen      total 145920K, used 96348K [0x00000000eab00000, 0x00000000fd000000, 0x0000000100000000)
  eden space 129536K, 61% used [0x00000000eab00000,0x00000000ef91be28,0x00000000f2980000)
  from space 16384K, 99% used [0x00000000f2980000,0x00000000f397b520,0x00000000f3980000)
  to   space 20480K, 0% used [0x00000000fbc00000,0x00000000fbc00000,0x00000000fd000000)
 ParOldGen       total 44032K, used 24828K [0x00000000c0000000, 0x00000000c2b00000, 0x00000000eab00000)
  object space 44032K, 56% used [0x00000000c0000000,0x00000000c183f1c0,0x00000000c2b00000)
 Metaspace       used 20892K, capacity 21012K, committed 21296K, reserved 1069056K
  class space    used 2326K, capacity 2366K, committed 2432K, reserved 1048576K
Event: 10.198 GC heap after
Heap after GC invocations=8 (full 0):
 PSYoungGen      total 275456K, used 20448K [0x00000000eab00000, 0x00000000fd800000, 0x0000000100000000)
  eden space 254976K, 0% used [0x00000000eab00000,0x00000000eab00000,0x00000000fa400000)
  from space 20480K, 99% used [0x00000000fbc00000,0x00000000fcff8170,0x00000000fd000000)
  to   space 24576K, 0% used [0x00000000fa400000,0x00000000fa400000,0x00000000fbc00000)
 ParOldGen       total 44032K, used 26557K [0x00000000c0000000, 0x00000000c2b00000, 0x00000000eab00000)
  object space 44032K, 60% used [0x00000000c0000000,0x00000000c19ef4b0,0x00000000c2b00000)
 Metaspace       used 20892K, capacity 21012K, committed 21296K, reserved 1069056K
  class space    used 2326K, capacity 2366K, committed 2432K, reserved 1048576K
}
Event: 10.198 GC heap before
{Heap before GC invocations=9 (full 1):
 PSYoungGen      total 275456K, used 20448K [0x00000000eab00000, 0x00000000fd800000, 0x0000000100000000)
  eden space 254976K, 0% used [0x00000000eab00000,0x00000000eab00000,0x00000000fa400000)
  from space 20480K, 99% used [0x00000000fbc00000,0x00000000fcff8170,0x00000000fd000000)
  to   space 24576K, 0% used [0x00000000fa400000,0x00000000fa400000,0x00000000fbc00000)
 ParOldGen       total 44032K, used 26557K [0x00000000c0000000, 0x00000000c2b00000, 0x00000000eab00000)
  object space 44032K, 60% used [0x00000000c0000000,0x00000000c19ef4b0,0x00000000c2b00000)
 Metaspace       used 20892K, capacity 21012K, committed 21296K, reserved 1069056K
  class space    used 2326K, capacity 2366K, committed 2432K, reserved 1048576K
Event: 10.449 GC heap after
Heap after GC invocations=9 (full 1):
 PSYoungGen      total 275456K, used 0K [0x00000000eab00000, 0x00000000fd800000, 0x0000000100000000)
  eden space 254976K, 0% used [0x00000000eab00000,0x00000000eab00000,0x00000000fa400000)
  from space 20480K, 0% used [0x00000000fbc00000,0x00000000fbc00000,0x00000000fd000000)
  to   space 24576K, 0% used [0x00000000fa400000,0x00000000fa400000,0x00000000fbc00000)
 ParOldGen       total 68608K, used 36074K [0x00000000c0000000, 0x00000000c4300000, 0x00000000eab00000)
  object space 68608K, 52% used [0x00000000c0000000,0x00000000c233a930,0x00000000c4300000)
 Metaspace       used 20892K, capacity 21012K, committed 21296K, reserved 1069056K
  class space    used 2326K, capacity 2366K, committed 2432K, reserved 1048576K
}

