# JRE version: Java(TM) SE Runtime Environment (8.0_91-b14) (build 1.8.0_91-b14)
# Java VM: Java HotSpot(TM) 64-Bit Server VM (25.91-b14 mixed mode windows-amd64 compressed oops)
Heap:
 PSYoungGen      total 224768K, used 141663K [0x00000000eab00000, 0x00000000f9e00000, 0x0000000100000000)
  eden space 202752K, 69% used [0x00000000eab00000,0x00000000f3557d30,0x00000000f7100000)
  from space 22016K, 0% used [0x00000000f8880000,0x00000000f8880000,0x00000000f9e00000)
  to   space 23040K, 0% used [0x00000000f7100000,0x00000000f7100000,0x00000000f8780000)
 ParOldGen       total 44032K, used 35121K [0x00000000c0000000, 0x00000000c2b00000, 0x00000000eab00000)
  object space 44032K, 79% used [0x00000000c0000000,0x00000000c224c730,0x00000000c2b00000)
 Metaspace       used 25642K, capacity 25918K, committed 26112K, reserved 1073152K
  class space    used 2961K, capacity 3055K, committed 3072K, reserved 1048576K
GC Heap History (10 events):
Event: 11.046 GC heap before
{Heap before GC invocations=7 (full 0):
 PSYoungGen      total 74752K, used 72713K [0x00000000eab00000, 0x00000000eff00000, 0x0000000100000000)
  eden space 65024K, 100% used [0x00000000eab00000,0x00000000eea80000,0x00000000eea80000)
  from space 9728K, 79% used [0x00000000ef480000,0x00000000efc02630,0x00000000efe00000)
  to   space 10240K, 0% used [0x00000000eea80000,0x00000000eea80000,0x00000000ef480000)
 ParOldGen       total 44032K, used 15577K [0x00000000c0000000, 0x00000000c2b00000, 0x00000000eab00000)
  object space 44032K, 35% used [0x00000000c0000000,0x00000000c0f36460,0x00000000c2b00000)
 Metaspace       used 14959K, capacity 15122K, committed 15488K, reserved 1062912K
  class space    used 1532K, capacity 1585K, committed 1664K, reserved 1048576K
Event: 11.158 GC heap after
Heap after GC invocations=7 (full 0):
 PSYoungGen      total 75264K, used 10224K [0x00000000eab00000, 0x00000000f4700000, 0x0000000100000000)
  eden space 65024K, 0% used [0x00000000eab00000,0x00000000eab00000,0x00000000eea80000)
  from space 10240K, 99% used [0x00000000eea80000,0x00000000ef47c3f0,0x00000000ef480000)
  to   space 14848K, 0% used [0x00000000f3880000,0x00000000f3880000,0x00000000f4700000)
 ParOldGen       total 44032K, used 20969K [0x00000000c0000000, 0x00000000c2b00000, 0x00000000eab00000)
  object space 44032K, 47% used [0x00000000c0000000,0x00000000c147a4c8,0x00000000c2b00000)
 Metaspace       used 14959K, capacity 15122K, committed 15488K, reserved 1062912K
  class space    used 1532K, capacity 1585K, committed 1664K, reserved 1048576K
}
Event: 12.242 GC heap before
{Heap before GC invocations=8 (full 0):
 PSYoungGen      total 75264K, used 75248K [0x00000000eab00000, 0x00000000f4700000, 0x0000000100000000)
  eden space 65024K, 100% used [0x00000000eab00000,0x00000000eea80000,0x00000000eea80000)
  from space 10240K, 99% used [0x00000000eea80000,0x00000000ef47c3f0,0x00000000ef480000)
  to   space 14848K, 0% used [0x00000000f3880000,0x00000000f3880000,0x00000000f4700000)
 ParOldGen       total 44032K, used 20969K [0x00000000c0000000, 0x00000000c2b00000, 0x00000000eab00000)
  object space 44032K, 47% used [0x00000000c0000000,0x00000000c147a4c8,0x00000000c2b00000)
 Metaspace       used 16079K, capacity 16146K, committed 16384K, reserved 1064960K
  class space    used 1678K, capacity 1713K, committed 1792K, reserved 1048576K
Event: 12.375 GC heap after
Heap after GC invocations=8 (full 0):
 PSYoungGen      total 141312K, used 14818K [0x00000000eab00000, 0x00000000f4e00000, 0x0000000100000000)
  eden space 126464K, 0% used [0x00000000eab00000,0x00000000eab00000,0x00000000f2680000)
  from space 14848K, 99% used [0x00000000f3880000,0x00000000f46f8b10,0x00000000f4700000)
  to   space 18432K, 0% used [0x00000000f2680000,0x00000000f2680000,0x00000000f3880000)
 ParOldGen       total 44032K, used 23585K [0x00000000c0000000, 0x00000000c2b00000, 0x00000000eab00000)
  object space 44032K, 53% used [0x00000000c0000000,0x00000000c1708538,0x00000000c2b00000)
 Metaspace       used 16079K, capacity 16146K, committed 16384K, reserved 1064960K
  class space    used 1678K, capacity 1713K, committed 1792K, reserved 1048576K
}
Event: 16.009 GC heap before
{Heap before GC invocations=9 (full 0):
 PSYoungGen      total 141312K, used 141282K [0x00000000eab00000, 0x00000000f4e00000, 0x0000000100000000)
  eden space 126464K, 100% used [0x00000000eab00000,0x00000000f2680000,0x00000000f2680000)
  from space 14848K, 99% used [0x00000000f3880000,0x00000000f46f8b10,0x00000000f4700000)
  to   space 18432K, 0% used [0x00000000f2680000,0x00000000f2680000,0x00000000f3880000)
 ParOldGen       total 44032K, used 23585K [0x00000000c0000000, 0x00000000c2b00000, 0x00000000eab00000)
  object space 44032K, 53% used [0x00000000c0000000,0x00000000c1708538,0x00000000c2b00000)
 Metaspace       used 19248K, capacity 19380K, committed 19584K, reserved 1067008K
  class space    used 2100K, capacity 2142K, committed 2176K, reserved 1048576K
Event: 16.117 GC heap after
Heap after GC invocations=9 (full 0):
 PSYoungGen      total 144896K, used 18410K [0x00000000eab00000, 0x00000000fa000000, 0x0000000100000000)
  eden space 126464K, 0% used [0x00000000eab00000,0x00000000eab00000,0x00000000f2680000)
  from space 18432K, 99% used [0x00000000f2680000,0x00000000f387abf8,0x00000000f3880000)
  to   space 24064K, 0% used [0x00000000f8880000,0x00000000f8880000,0x00000000fa000000)
 ParOldGen       total 44032K, used 30145K [0x00000000c0000000, 0x00000000c2b00000, 0x00000000eab00000)
  object space 44032K, 68% used [0x00000000c0000000,0x00000000c1d705f0,0x00000000c2b00000)
 Metaspace       used 19248K, capacity 19380K, committed 19584K, reserved 1067008K
  class space    used 2100K, capacity 2142K, committed 2176K, reserved 1048576K
}
Event: 18.226 GC heap before
{Heap before GC invocations=10 (full 0):
 PSYoungGen      total 144896K, used 68911K [0x00000000eab00000, 0x00000000fa000000, 0x0000000100000000)
  eden space 126464K, 39% used [0x00000000eab00000,0x00000000edc51210,0x00000000f2680000)
  from space 18432K, 99% used [0x00000000f2680000,0x00000000f387abf8,0x00000000f3880000)
  to   space 24064K, 0% used [0x00000000f8880000,0x00000000f8880000,0x00000000fa000000)
 ParOldGen       total 44032K, used 30145K [0x00000000c0000000, 0x00000000c2b00000, 0x00000000eab00000)
  object space 44032K, 68% used [0x00000000c0000000,0x00000000c1d705f0,0x00000000c2b00000)
 Metaspace       used 20935K, capacity 21018K, committed 21296K, reserved 1069056K
  class space    used 2324K, capacity 2367K, committed 2432K, reserved 1048576K
Event: 18.405 GC heap after
Heap after GC invocations=10 (full 0):
 PSYoungGen      total 224768K, used 11837K [0x00000000eab00000, 0x00000000f9e00000, 0x0000000100000000)
  eden space 202752K, 0% used [0x00000000eab00000,0x00000000eab00000,0x00000000f7100000)
  from space 22016K, 53% used [0x00000000f8880000,0x00000000f940f478,0x00000000f9e00000)
  to   space 23040K, 0% used [0x00000000f7100000,0x00000000f7100000,0x00000000f8780000)
 ParOldGen       total 44032K, used 40591K [0x00000000c0000000, 0x00000000c2b00000, 0x00000000eab00000)
  object space 44032K, 92% used [0x00000000c0000000,0x00000000c27a3e18,0x00000000c2b00000)
 Metaspace       used 20935K, capacity 21018K, committed 21296K, reserved 1069056K
  class space    used 2324K, capacity 2367K, committed 2432K, reserved 1048576K
}
Event: 18.405 GC heap before
{Heap before GC invocations=11 (full 1):
 PSYoungGen      total 224768K, used 11837K [0x00000000eab00000, 0x00000000f9e00000, 0x0000000100000000)
  eden space 202752K, 0% used [0x00000000eab00000,0x00000000eab00000,0x00000000f7100000)
  from space 22016K, 53% used [0x00000000f8880000,0x00000000f940f478,0x00000000f9e00000)
  to   space 23040K, 0% used [0x00000000f7100000,0x00000000f7100000,0x00000000f8780000)
 ParOldGen       total 44032K, used 40591K [0x00000000c0000000, 0x00000000c2b00000, 0x00000000eab00000)
  object space 44032K, 92% used [0x00000000c0000000,0x00000000c27a3e18,0x00000000c2b00000)
 Metaspace       used 20935K, capacity 21018K, committed 21296K, reserved 1069056K
  class space    used 2324K, capacity 2367K, committed 2432K, reserved 1048576K
Event: 18.765 GC heap after
Heap after GC invocations=11 (full 1):
 PSYoungGen      total 224768K, used 0K [0x00000000eab00000, 0x00000000f9e00000, 0x0000000100000000)
  eden space 202752K, 0% used [0x00000000eab00000,0x00000000eab00000,0x00000000f7100000)
  from space 22016K, 0% used [0x00000000f8880000,0x00000000f8880000,0x00000000f9e00000)
  to   space 23040K, 0% used [0x00000000f7100000,0x00000000f7100000,0x00000000f8780000)
 ParOldGen       total 44032K, used 35121K [0x00000000c0000000, 0x00000000c2b00000, 0x00000000eab00000)
  object space 44032K, 79% used [0x00000000c0000000,0x00000000c224c730,0x00000000c2b00000)
 Metaspace       used 20935K, capacity 21018K, committed 21296K, reserved 1069056K
  class space    used 2324K, capacity 2367K, committed 2432K, reserved 1048576K
}

