# JRE version: Java(TM) SE Runtime Environment (8.0_91-b14) (build 1.8.0_91-b14)
# Java VM: Java HotSpot(TM) 64-Bit Server VM (25.91-b14 mixed mode windows-amd64 compressed oops)
Heap:
 PSYoungGen      total 141312K, used 35494K [0x00000000eab00000, 0x00000000f4900000, 0x0000000100000000)
  eden space 126976K, 27% used [0x00000000eab00000,0x00000000ecda9b08,0x00000000f2700000)
  from space 14336K, 0% used [0x00000000f3700000,0x00000000f3700000,0x00000000f4500000)
  to   space 16384K, 0% used [0x00000000f2700000,0x00000000f2700000,0x00000000f3700000)
 ParOldGen       total 44032K, used 33029K [0x00000000c0000000, 0x00000000c2b00000, 0x00000000eab00000)
  object space 44032K, 75% used [0x00000000c0000000,0x00000000c20415b8,0x00000000c2b00000)
 Metaspace       used 22965K, capacity 23210K, committed 23552K, reserved 1071104K
  class space    used 2608K, capacity 2705K, committed 2816K, reserved 1048576K
GC Heap History (10 events):
Event: 15.367 GC heap before
{Heap before GC invocations=7 (full 0):
 PSYoungGen      total 73728K, used 72508K [0x00000000eab00000, 0x00000000eff00000, 0x0000000100000000)
  eden space 64512K, 100% used [0x00000000eab00000,0x00000000eea00000,0x00000000eea00000)
  from space 9216K, 86% used [0x00000000ef400000,0x00000000efbcf098,0x00000000efd00000)
  to   space 10240K, 0% used [0x00000000eea00000,0x00000000eea00000,0x00000000ef400000)
 ParOldGen       total 44032K, used 13510K [0x00000000c0000000, 0x00000000c2b00000, 0x00000000eab00000)
  object space 44032K, 30% used [0x00000000c0000000,0x00000000c0d31bc0,0x00000000c2b00000)
 Metaspace       used 14770K, capacity 14934K, committed 15232K, reserved 1062912K
  class space    used 1536K, capacity 1585K, committed 1664K, reserved 1048576K
Event: 15.420 GC heap after
Heap after GC invocations=7 (full 0):
 PSYoungGen      total 74752K, used 10223K [0x00000000eab00000, 0x00000000f4500000, 0x0000000100000000)
  eden space 64512K, 0% used [0x00000000eab00000,0x00000000eab00000,0x00000000eea00000)
  from space 10240K, 99% used [0x00000000eea00000,0x00000000ef3fbde0,0x00000000ef400000)
  to   space 14336K, 0% used [0x00000000f3700000,0x00000000f3700000,0x00000000f4500000)
 ParOldGen       total 44032K, used 18599K [0x00000000c0000000, 0x00000000c2b00000, 0x00000000eab00000)
  object space 44032K, 42% used [0x00000000c0000000,0x00000000c1229d90,0x00000000c2b00000)
 Metaspace       used 14770K, capacity 14934K, committed 15232K, reserved 1062912K
  class space    used 1536K, capacity 1585K, committed 1664K, reserved 1048576K
}
Event: 16.353 GC heap before
{Heap before GC invocations=8 (full 0):
 PSYoungGen      total 74752K, used 74735K [0x00000000eab00000, 0x00000000f4500000, 0x0000000100000000)
  eden space 64512K, 100% used [0x00000000eab00000,0x00000000eea00000,0x00000000eea00000)
  from space 10240K, 99% used [0x00000000eea00000,0x00000000ef3fbde0,0x00000000ef400000)
  to   space 14336K, 0% used [0x00000000f3700000,0x00000000f3700000,0x00000000f4500000)
 ParOldGen       total 44032K, used 18599K [0x00000000c0000000, 0x00000000c2b00000, 0x00000000eab00000)
  object space 44032K, 42% used [0x00000000c0000000,0x00000000c1229d90,0x00000000c2b00000)
 Metaspace       used 15913K, capacity 16022K, committed 16384K, reserved 1064960K
  class space    used 1684K, capacity 1713K, committed 1792K, reserved 1048576K
Event: 16.398 GC heap after
Heap after GC invocations=8 (full 0):
 PSYoungGen      total 141312K, used 12930K [0x00000000eab00000, 0x00000000f4900000, 0x0000000100000000)
  eden space 126976K, 0% used [0x00000000eab00000,0x00000000eab00000,0x00000000f2700000)
  from space 14336K, 90% used [0x00000000f3700000,0x00000000f43a09b8,0x00000000f4500000)
  to   space 16384K, 0% used [0x00000000f2700000,0x00000000f2700000,0x00000000f3700000)
 ParOldGen       total 44032K, used 19645K [0x00000000c0000000, 0x00000000c2b00000, 0x00000000eab00000)
  object space 44032K, 44% used [0x00000000c0000000,0x00000000c132f7a8,0x00000000c2b00000)
 Metaspace       used 15913K, capacity 16022K, committed 16384K, reserved 1064960K
  class space    used 1684K, capacity 1713K, committed 1792K, reserved 1048576K
}
Event: 19.905 GC heap before
{Heap before GC invocations=9 (full 0):
 PSYoungGen      total 141312K, used 139906K [0x00000000eab00000, 0x00000000f4900000, 0x0000000100000000)
  eden space 126976K, 100% used [0x00000000eab00000,0x00000000f2700000,0x00000000f2700000)
  from space 14336K, 90% used [0x00000000f3700000,0x00000000f43a09b8,0x00000000f4500000)
  to   space 16384K, 0% used [0x00000000f2700000,0x00000000f2700000,0x00000000f3700000)
 ParOldGen       total 44032K, used 19645K [0x00000000c0000000, 0x00000000c2b00000, 0x00000000eab00000)
  object space 44032K, 44% used [0x00000000c0000000,0x00000000c132f7a8,0x00000000c2b00000)
 Metaspace       used 19210K, capacity 19332K, committed 19584K, reserved 1067008K
  class space    used 2118K, capacity 2144K, committed 2176K, reserved 1048576K
Event: 19.940 GC heap after
Heap after GC invocations=9 (full 0):
 PSYoungGen      total 143360K, used 16363K [0x00000000eab00000, 0x00000000f4900000, 0x0000000100000000)
  eden space 126976K, 0% used [0x00000000eab00000,0x00000000eab00000,0x00000000f2700000)
  from space 16384K, 99% used [0x00000000f2700000,0x00000000f36fac00,0x00000000f3700000)
  to   space 14336K, 0% used [0x00000000f3700000,0x00000000f3700000,0x00000000f4500000)
 ParOldGen       total 44032K, used 24909K [0x00000000c0000000, 0x00000000c2b00000, 0x00000000eab00000)
  object space 44032K, 56% used [0x00000000c0000000,0x00000000c18534a0,0x00000000c2b00000)
 Metaspace       used 19210K, capacity 19332K, committed 19584K, reserved 1067008K
  class space    used 2118K, capacity 2144K, committed 2176K, reserved 1048576K
}
Event: 21.601 GC heap before
{Heap before GC invocations=10 (full 0):
 PSYoungGen      total 143360K, used 64520K [0x00000000eab00000, 0x00000000f4900000, 0x0000000100000000)
  eden space 126976K, 37% used [0x00000000eab00000,0x00000000eda076f8,0x00000000f2700000)
  from space 16384K, 99% used [0x00000000f2700000,0x00000000f36fac00,0x00000000f3700000)
  to   space 14336K, 0% used [0x00000000f3700000,0x00000000f3700000,0x00000000f4500000)
 ParOldGen       total 44032K, used 24909K [0x00000000c0000000, 0x00000000c2b00000, 0x00000000eab00000)
  object space 44032K, 56% used [0x00000000c0000000,0x00000000c18534a0,0x00000000c2b00000)
 Metaspace       used 20952K, capacity 21066K, committed 21296K, reserved 1069056K
  class space    used 2359K, capacity 2401K, committed 2432K, reserved 1048576K
Event: 21.694 GC heap after
Heap after GC invocations=10 (full 0):
 PSYoungGen      total 141312K, used 11594K [0x00000000eab00000, 0x00000000f4900000, 0x0000000100000000)
  eden space 126976K, 0% used [0x00000000eab00000,0x00000000eab00000,0x00000000f2700000)
  from space 14336K, 80% used [0x00000000f3700000,0x00000000f4252960,0x00000000f4500000)
  to   space 16384K, 0% used [0x00000000f2700000,0x00000000f2700000,0x00000000f3700000)
 ParOldGen       total 44032K, used 32600K [0x00000000c0000000, 0x00000000c2b00000, 0x00000000eab00000)
  object space 44032K, 74% used [0x00000000c0000000,0x00000000c1fd61f8,0x00000000c2b00000)
 Metaspace       used 20952K, capacity 21066K, committed 21296K, reserved 1069056K
  class space    used 2359K, capacity 2401K, committed 2432K, reserved 1048576K
}
Event: 21.694 GC heap before
{Heap before GC invocations=11 (full 1):
 PSYoungGen      total 141312K, used 11594K [0x00000000eab00000, 0x00000000f4900000, 0x0000000100000000)
  eden space 126976K, 0% used [0x00000000eab00000,0x00000000eab00000,0x00000000f2700000)
  from space 14336K, 80% used [0x00000000f3700000,0x00000000f4252960,0x00000000f4500000)
  to   space 16384K, 0% used [0x00000000f2700000,0x00000000f2700000,0x00000000f3700000)
 ParOldGen       total 44032K, used 32600K [0x00000000c0000000, 0x00000000c2b00000, 0x00000000eab00000)
  object space 44032K, 74% used [0x00000000c0000000,0x00000000c1fd61f8,0x00000000c2b00000)
 Metaspace       used 20952K, capacity 21066K, committed 21296K, reserved 1069056K
  class space    used 2359K, capacity 2401K, committed 2432K, reserved 1048576K
Event: 21.938 GC heap after
Heap after GC invocations=11 (full 1):
 PSYoungGen      total 141312K, used 0K [0x00000000eab00000, 0x00000000f4900000, 0x0000000100000000)
  eden space 126976K, 0% used [0x00000000eab00000,0x00000000eab00000,0x00000000f2700000)
  from space 14336K, 0% used [0x00000000f3700000,0x00000000f3700000,0x00000000f4500000)
  to   space 16384K, 0% used [0x00000000f2700000,0x00000000f2700000,0x00000000f3700000)
 ParOldGen       total 44032K, used 33029K [0x00000000c0000000, 0x00000000c2b00000, 0x00000000eab00000)
  object space 44032K, 75% used [0x00000000c0000000,0x00000000c20415b8,0x00000000c2b00000)
 Metaspace       used 20952K, capacity 21066K, committed 21296K, reserved 1069056K
  class space    used 2359K, capacity 2401K, committed 2432K, reserved 1048576K
}

