# JRE version: Java(TM) SE Runtime Environment (8.0_91-b14) (build 1.8.0_91-b14)
# Java VM: Java HotSpot(TM) 64-Bit Server VM (25.91-b14 mixed mode windows-amd64 compressed oops)
Heap:
 PSYoungGen      total 225792K, used 20996K [0x00000000eab00000, 0x00000000fed80000, 0x0000000100000000)
  eden space 202752K, 2% used [0x00000000eab00000,0x00000000eb0b8210,0x00000000f7100000)
  from space 23040K, 65% used [0x00000000f7100000,0x00000000f7fc91d8,0x00000000f8780000)
  to   space 23552K, 0% used [0x00000000fd680000,0x00000000fd680000,0x00000000fed80000)
 ParOldGen       total 67072K, used 34891K [0x00000000c0000000, 0x00000000c4180000, 0x00000000eab00000)
  object space 67072K, 52% used [0x00000000c0000000,0x00000000c2212ec8,0x00000000c4180000)
 Metaspace       used 27272K, capacity 27530K, committed 27904K, reserved 1073152K
  class space    used 3136K, capacity 3249K, committed 3328K, reserved 1048576K
GC Heap History (10 events):
Event: 7.763 GC heap before
{Heap before GC invocations=8 (full 0):
 PSYoungGen      total 74752K, used 74736K [0x00000000eab00000, 0x00000000f4800000, 0x0000000100000000)
  eden space 64512K, 100% used [0x00000000eab00000,0x00000000eea00000,0x00000000eea00000)
  from space 10240K, 99% used [0x00000000eea00000,0x00000000ef3fc3f0,0x00000000ef400000)
  to   space 15872K, 0% used [0x00000000f3880000,0x00000000f3880000,0x00000000f4800000)
 ParOldGen       total 44032K, used 22385K [0x00000000c0000000, 0x00000000c2b00000, 0x00000000eab00000)
  object space 44032K, 50% used [0x00000000c0000000,0x00000000c15dc758,0x00000000c2b00000)
 Metaspace       used 16064K, capacity 16206K, committed 16384K, reserved 1064960K
  class space    used 1681K, capacity 1713K, committed 1792K, reserved 1048576K
Event: 7.810 GC heap after
Heap after GC invocations=8 (full 0):
 PSYoungGen      total 142336K, used 15309K [0x00000000eab00000, 0x00000000f4d00000, 0x0000000100000000)
  eden space 126464K, 0% used [0x00000000eab00000,0x00000000eab00000,0x00000000f2680000)
  from space 15872K, 96% used [0x00000000f3880000,0x00000000f4773778,0x00000000f4800000)
  to   space 18432K, 0% used [0x00000000f2680000,0x00000000f2680000,0x00000000f3880000)
 ParOldGen       total 44032K, used 23860K [0x00000000c0000000, 0x00000000c2b00000, 0x00000000eab00000)
  object space 44032K, 54% used [0x00000000c0000000,0x00000000c174d3f8,0x00000000c2b00000)
 Metaspace       used 16064K, capacity 16206K, committed 16384K, reserved 1064960K
  class space    used 1681K, capacity 1713K, committed 1792K, reserved 1048576K
}
Event: 9.773 GC heap before
{Heap before GC invocations=9 (full 0):
 PSYoungGen      total 142336K, used 141773K [0x00000000eab00000, 0x00000000f4d00000, 0x0000000100000000)
  eden space 126464K, 100% used [0x00000000eab00000,0x00000000f2680000,0x00000000f2680000)
  from space 15872K, 96% used [0x00000000f3880000,0x00000000f4773778,0x00000000f4800000)
  to   space 18432K, 0% used [0x00000000f2680000,0x00000000f2680000,0x00000000f3880000)
 ParOldGen       total 44032K, used 23860K [0x00000000c0000000, 0x00000000c2b00000, 0x00000000eab00000)
  object space 44032K, 54% used [0x00000000c0000000,0x00000000c174d3f8,0x00000000c2b00000)
 Metaspace       used 19272K, capacity 19364K, committed 19584K, reserved 1067008K
  class space    used 2104K, capacity 2140K, committed 2176K, reserved 1048576K
Event: 9.818 GC heap after
Heap after GC invocations=9 (full 0):
 PSYoungGen      total 144896K, used 18427K [0x00000000eab00000, 0x00000000f9f00000, 0x0000000100000000)
  eden space 126464K, 0% used [0x00000000eab00000,0x00000000eab00000,0x00000000f2680000)
  from space 18432K, 99% used [0x00000000f2680000,0x00000000f387ec78,0x00000000f3880000)
  to   space 23552K, 0% used [0x00000000f8800000,0x00000000f8800000,0x00000000f9f00000)
 ParOldGen       total 44032K, used 29637K [0x00000000c0000000, 0x00000000c2b00000, 0x00000000eab00000)
  object space 44032K, 67% used [0x00000000c0000000,0x00000000c1cf1720,0x00000000c2b00000)
 Metaspace       used 19272K, capacity 19364K, committed 19584K, reserved 1067008K
  class space    used 2104K, capacity 2140K, committed 2176K, reserved 1048576K
}
Event: 10.706 GC heap before
{Heap before GC invocations=10 (full 0):
 PSYoungGen      total 144896K, used 68862K [0x00000000eab00000, 0x00000000f9f00000, 0x0000000100000000)
  eden space 126464K, 39% used [0x00000000eab00000,0x00000000edc40e58,0x00000000f2680000)
  from space 18432K, 99% used [0x00000000f2680000,0x00000000f387ec78,0x00000000f3880000)
  to   space 23552K, 0% used [0x00000000f8800000,0x00000000f8800000,0x00000000f9f00000)
 ParOldGen       total 44032K, used 29637K [0x00000000c0000000, 0x00000000c2b00000, 0x00000000eab00000)
  object space 44032K, 67% used [0x00000000c0000000,0x00000000c1cf1720,0x00000000c2b00000)
 Metaspace       used 21020K, capacity 21066K, committed 21296K, reserved 1069056K
  class space    used 2341K, capacity 2365K, committed 2432K, reserved 1048576K
Event: 10.749 GC heap after
Heap after GC invocations=10 (full 0):
 PSYoungGen      total 225280K, used 11677K [0x00000000eab00000, 0x00000000f9e00000, 0x0000000100000000)
  eden space 202752K, 0% used [0x00000000eab00000,0x00000000eab00000,0x00000000f7100000)
  from space 22528K, 51% used [0x00000000f8800000,0x00000000f9367478,0x00000000f9e00000)
  to   space 23040K, 0% used [0x00000000f7100000,0x00000000f7100000,0x00000000f8780000)
 ParOldGen       total 44032K, used 39440K [0x00000000c0000000, 0x00000000c2b00000, 0x00000000eab00000)
  object space 44032K, 89% used [0x00000000c0000000,0x00000000c26841c0,0x00000000c2b00000)
 Metaspace       used 21020K, capacity 21066K, committed 21296K, reserved 1069056K
  class space    used 2341K, capacity 2365K, committed 2432K, reserved 1048576K
}
Event: 10.749 GC heap before
{Heap before GC invocations=11 (full 1):
 PSYoungGen      total 225280K, used 11677K [0x00000000eab00000, 0x00000000f9e00000, 0x0000000100000000)
  eden space 202752K, 0% used [0x00000000eab00000,0x00000000eab00000,0x00000000f7100000)
  from space 22528K, 51% used [0x00000000f8800000,0x00000000f9367478,0x00000000f9e00000)
  to   space 23040K, 0% used [0x00000000f7100000,0x00000000f7100000,0x00000000f8780000)
 ParOldGen       total 44032K, used 39440K [0x00000000c0000000, 0x00000000c2b00000, 0x00000000eab00000)
  object space 44032K, 89% used [0x00000000c0000000,0x00000000c26841c0,0x00000000c2b00000)
 Metaspace       used 21020K, capacity 21066K, committed 21296K, reserved 1069056K
  class space    used 2341K, capacity 2365K, committed 2432K, reserved 1048576K
Event: 10.976 GC heap after
Heap after GC invocations=11 (full 1):
 PSYoungGen      total 225280K, used 0K [0x00000000eab00000, 0x00000000f9e00000, 0x0000000100000000)
  eden space 202752K, 0% used [0x00000000eab00000,0x00000000eab00000,0x00000000f7100000)
  from space 22528K, 0% used [0x00000000f8800000,0x00000000f8800000,0x00000000f9e00000)
  to   space 23040K, 0% used [0x00000000f7100000,0x00000000f7100000,0x00000000f8780000)
 ParOldGen       total 67072K, used 34883K [0x00000000c0000000, 0x00000000c4180000, 0x00000000eab00000)
  object space 67072K, 52% used [0x00000000c0000000,0x00000000c2210ec8,0x00000000c4180000)
 Metaspace       used 21020K, capacity 21066K, committed 21296K, reserved 1069056K
  class space    used 2341K, capacity 2365K, committed 2432K, reserved 1048576K
}
Event: 38.728 GC heap before
{Heap before GC invocations=12 (full 1):
 PSYoungGen      total 225280K, used 202752K [0x00000000eab00000, 0x00000000f9e00000, 0x0000000100000000)
  eden space 202752K, 100% used [0x00000000eab00000,0x00000000f7100000,0x00000000f7100000)
  from space 22528K, 0% used [0x00000000f8800000,0x00000000f8800000,0x00000000f9e00000)
  to   space 23040K, 0% used [0x00000000f7100000,0x00000000f7100000,0x00000000f8780000)
 ParOldGen       total 67072K, used 34883K [0x00000000c0000000, 0x00000000c4180000, 0x00000000eab00000)
  object space 67072K, 52% used [0x00000000c0000000,0x00000000c2210ec8,0x00000000c4180000)
 Metaspace       used 27124K, capacity 27370K, committed 27648K, reserved 1073152K
  class space    used 3118K, capacity 3217K, committed 3328K, reserved 1048576K
Event: 38.819 GC heap after
Heap after GC invocations=12 (full 1):
 PSYoungGen      total 225792K, used 15140K [0x00000000eab00000, 0x00000000fed80000, 0x0000000100000000)
  eden space 202752K, 0% used [0x00000000eab00000,0x00000000eab00000,0x00000000f7100000)
  from space 23040K, 65% used [0x00000000f7100000,0x00000000f7fc91d8,0x00000000f8780000)
  to   space 23552K, 0% used [0x00000000fd680000,0x00000000fd680000,0x00000000fed80000)
 ParOldGen       total 67072K, used 34891K [0x00000000c0000000, 0x00000000c4180000, 0x00000000eab00000)
  object space 67072K, 52% used [0x00000000c0000000,0x00000000c2212ec8,0x00000000c4180000)
 Metaspace       used 27124K, capacity 27370K, committed 27648K, reserved 1073152K
  class space    used 3118K, capacity 3217K, committed 3328K, reserved 1048576K
}

